<?xml version="1.0" encoding="UTF-8"?>
<!-- Generated by org.testng.reporters.JUnitReportReporter -->
<testsuite hostname="INLEN8520069361" failures="0" tests="2" name="practice.Stream" time="0.024" errors="0" timestamp="2024-02-01T12:57:33 IST" skipped="0">
  <testcase classname="practice.Stream" name="streamMap" time="0.019"/>
  <system-out/>
  <testcase classname="practice.Stream" name="streamfilter" time="0.005"/>
  <system-out/>
</testsuite> <!-- practice.Stream -->
