<?xml version="1.0" encoding="UTF-8"?>
<!-- Generated by org.testng.reporters.JUnitReportReporter -->
<testsuite hostname="INLEN8520069361" failures="0" tests="1" name="Assignments.StreamAssignment" time="0.009" errors="0" timestamp="2024-02-02T14:03:44 IST" skipped="0">
  <testcase classname="Assignments.StreamAssignment" name="StreamAssign" time="0.009"/>
  <system-out/>
</testsuite> <!-- Assignments.StreamAssignment -->
